<?xml version="1.0" encoding="UTF-8" standalone="no"?>
<testsuite errors="0" failures="0" name="io.cucumber.core.plugin.JUnitFormatter" skipped="0" tests="1" time="0.659">
    <testcase classname="FreeCRM Smoke Test" name="TC_SMOKE_TEST_FREECRM_002" time="0.167">
        <system-out>
            <![CDATA[Given I have launch the browser.............................................passed
And I should navigate to the login page of FREE Crm Application.............passed
Then HomePage Should be displayed...........................................passed
And I Verify Calender page is displayed.....................................passed
And I Verify Contacts page is displayed.....................................passed
And I Verify Companies page is displayed....................................passed
And I Verify Deals page is displayed........................................passed
And I Verify Tasks page is displayed........................................passed
And I Verify Cases page is displayed........................................passed
And I Verify Calls page is displayed........................................passed
And I Verify Documents page is displayed....................................passed
And I Verify Email page is displayed........................................passed
And I Verify Compaigns page is displayed....................................passed
And I Verify Forms page is displayed........................................passed
And I Logout from the Application...........................................passed
]]>
        </system-out>
    </testcase>
</testsuite>
